SF:lib\common\constants.dart
DA:15,2
DA:16,1
DA:17,3
DA:19,3
DA:21,3
DA:25,3
DA:26,1
DA:27,1
DA:28,1
DA:29,1
LF:10
LH:10
end_of_record
SF:lib\data\datasources\db\database_helper.dart
DA:13,1
DA:15,0
DA:16,0
DA:17,0
DA:19,0
DA:20,0
DA:31,0
DA:43,0
DA:47,1
DA:48,1
DA:49,2
DA:52,1
DA:53,1
DA:54,2
DA:57,1
DA:58,1
DA:59,1
DA:62,2
DA:66,1
DA:67,1
DA:68,1
DA:71,2
DA:75,1
DA:76,1
DA:77,1
DA:80,1
DA:83,1
DA:84,1
DA:90,1
DA:91,1
DA:92,1
DA:95,1
DA:98,1
DA:99,1
DA:105,1
DA:106,1
DA:107,1
DA:112,1
DA:113,1
DA:115,1
LF:40
LH:33
end_of_record
SF:lib\domain\entities\genre.dart
DA:4,1
DA:12,0
DA:13,0
LF:3
LH:1
end_of_record
SF:lib\data\model\genre_model.dart
DA:5,2
DA:13,2
DA:14,1
DA:15,1
DA:18,2
DA:19,1
DA:20,1
DA:23,1
DA:24,3
DA:27,1
DA:28,3
LF:11
LH:11
end_of_record
